[0.124s] DEBUG:colcon:Command line arguments: ['/usr/bin/colcon', 'build']
[0.124s] DEBUG:colcon:Parsed command line arguments: Namespace(log_base=None, log_level=None, verb_name='build', build_base='build', install_base='install', merge_install=False, symlink_install=False, test_result_base=None, continue_on_error=False, executor='parallel', parallel_workers=20, event_handlers=None, ignore_user_meta=False, metas=['./colcon.meta'], base_paths=['.'], packages_ignore=None, packages_ignore_regex=None, paths=None, packages_up_to=None, packages_up_to_regex=None, packages_above=None, packages_above_and_dependencies=None, packages_above_depth=None, packages_select_by_dep=None, packages_skip_by_dep=None, packages_skip_up_to=None, packages_select_build_failed=False, packages_skip_build_finished=False, packages_select_test_failures=False, packages_skip_test_passed=False, packages_select=None, packages_skip=None, packages_select_regex=None, packages_skip_regex=None, packages_start=None, packages_end=None, allow_overriding=[], cmake_args=None, cmake_target=None, cmake_target_skip_unavailable=False, cmake_clean_cache=False, cmake_clean_first=False, cmake_force_configure=False, ament_cmake_args=None, catkin_cmake_args=None, catkin_skip_building_tests=False, verb_parser=<colcon_defaults.argument_parser.defaults.DefaultArgumentsDecorator object at 0x7526e7335720>, verb_extension=<colcon_core.verb.build.BuildVerb object at 0x7526e7335210>, main=<bound method BuildVerb.main of <colcon_core.verb.build.BuildVerb object at 0x7526e7335210>>)
[0.158s] Level 1:colcon.colcon_core.package_discovery:discover_packages(colcon_meta) check parameters
[0.158s] Level 1:colcon.colcon_core.package_discovery:discover_packages(recursive) check parameters
[0.158s] Level 1:colcon.colcon_core.package_discovery:discover_packages(ignore) check parameters
[0.158s] Level 1:colcon.colcon_core.package_discovery:discover_packages(path) check parameters
[0.158s] Level 1:colcon.colcon_core.package_discovery:discover_packages(colcon_meta) discover
[0.158s] Level 1:colcon.colcon_core.package_discovery:discover_packages(recursive) discover
[0.158s] INFO:colcon.colcon_core.package_discovery:Crawling recursively for packages in '/home/sam/zed_robot/src'
[0.159s] Level 1:colcon.colcon_core.package_identification:_identify(.) by extensions ['ignore', 'ignore_ament_install']
[0.159s] Level 1:colcon.colcon_core.package_identification:_identify(.) by extension 'ignore'
[0.159s] Level 1:colcon.colcon_core.package_identification:_identify(.) by extension 'ignore_ament_install'
[0.159s] Level 1:colcon.colcon_core.package_identification:_identify(.) by extensions ['colcon_pkg']
[0.159s] Level 1:colcon.colcon_core.package_identification:_identify(.) by extension 'colcon_pkg'
[0.159s] Level 1:colcon.colcon_core.package_identification:_identify(.) by extensions ['colcon_meta']
[0.159s] Level 1:colcon.colcon_core.package_identification:_identify(.) by extension 'colcon_meta'
[0.159s] Level 1:colcon.colcon_core.package_identification:_identify(.) by extensions ['ros']
[0.159s] Level 1:colcon.colcon_core.package_identification:_identify(.) by extension 'ros'
[0.168s] Level 1:colcon.colcon_core.package_identification:_identify(.) by extensions ['cmake', 'python']
[0.168s] Level 1:colcon.colcon_core.package_identification:_identify(.) by extension 'cmake'
[0.168s] Level 1:colcon.colcon_core.package_identification:_identify(.) by extension 'python'
[0.168s] Level 1:colcon.colcon_core.package_identification:_identify(.) by extensions ['python_setup_py']
[0.168s] Level 1:colcon.colcon_core.package_identification:_identify(.) by extension 'python_setup_py'
[0.168s] Level 1:colcon.colcon_core.package_identification:_identify(build) by extensions ['ignore', 'ignore_ament_install']
[0.169s] Level 1:colcon.colcon_core.package_identification:_identify(build) by extension 'ignore'
[0.169s] Level 1:colcon.colcon_core.package_identification:_identify(build) ignored
[0.169s] Level 1:colcon.colcon_core.package_identification:_identify(install) by extensions ['ignore', 'ignore_ament_install']
[0.169s] Level 1:colcon.colcon_core.package_identification:_identify(install) by extension 'ignore'
[0.169s] Level 1:colcon.colcon_core.package_identification:_identify(install) ignored
[0.169s] Level 1:colcon.colcon_core.package_identification:_identify(log) by extensions ['ignore', 'ignore_ament_install']
[0.169s] Level 1:colcon.colcon_core.package_identification:_identify(log) by extension 'ignore'
[0.169s] Level 1:colcon.colcon_core.package_identification:_identify(log) ignored
[0.169s] Level 1:colcon.colcon_core.package_identification:_identify(robot) by extensions ['ignore', 'ignore_ament_install']
[0.169s] Level 1:colcon.colcon_core.package_identification:_identify(robot) by extension 'ignore'
[0.169s] Level 1:colcon.colcon_core.package_identification:_identify(robot) by extension 'ignore_ament_install'
[0.169s] Level 1:colcon.colcon_core.package_identification:_identify(robot) by extensions ['colcon_pkg']
[0.169s] Level 1:colcon.colcon_core.package_identification:_identify(robot) by extension 'colcon_pkg'
[0.169s] Level 1:colcon.colcon_core.package_identification:_identify(robot) by extensions ['colcon_meta']
[0.169s] Level 1:colcon.colcon_core.package_identification:_identify(robot) by extension 'colcon_meta'
[0.169s] Level 1:colcon.colcon_core.package_identification:_identify(robot) by extensions ['ros']
[0.169s] Level 1:colcon.colcon_core.package_identification:_identify(robot) by extension 'ros'
[0.171s] DEBUG:colcon.colcon_core.package_identification:Package 'robot' with type 'ros.ament_cmake' and name 'robot'
[0.171s] Level 1:colcon.colcon_core.package_identification:_identify(ros2_mapping) by extensions ['ignore', 'ignore_ament_install']
[0.171s] Level 1:colcon.colcon_core.package_identification:_identify(ros2_mapping) by extension 'ignore'
[0.171s] Level 1:colcon.colcon_core.package_identification:_identify(ros2_mapping) by extension 'ignore_ament_install'
[0.171s] Level 1:colcon.colcon_core.package_identification:_identify(ros2_mapping) by extensions ['colcon_pkg']
[0.171s] Level 1:colcon.colcon_core.package_identification:_identify(ros2_mapping) by extension 'colcon_pkg'
[0.171s] Level 1:colcon.colcon_core.package_identification:_identify(ros2_mapping) by extensions ['colcon_meta']
[0.171s] Level 1:colcon.colcon_core.package_identification:_identify(ros2_mapping) by extension 'colcon_meta'
[0.171s] Level 1:colcon.colcon_core.package_identification:_identify(ros2_mapping) by extensions ['ros']
[0.171s] Level 1:colcon.colcon_core.package_identification:_identify(ros2_mapping) by extension 'ros'
[0.172s] DEBUG:colcon.colcon_core.package_identification:Package 'ros2_mapping' with type 'ros.ament_cmake' and name 'ros2_mapping'
[0.172s] Level 1:colcon.colcon_core.package_discovery:discover_packages(recursive) using defaults
[0.172s] Level 1:colcon.colcon_core.package_discovery:discover_packages(ignore) discover
[0.172s] Level 1:colcon.colcon_core.package_discovery:discover_packages(ignore) using defaults
[0.172s] Level 1:colcon.colcon_core.package_discovery:discover_packages(path) discover
[0.172s] Level 1:colcon.colcon_core.package_discovery:discover_packages(path) using defaults
[0.188s] Level 1:colcon.colcon_core.package_discovery:discover_packages(prefix_path) check parameters
[0.188s] Level 1:colcon.colcon_core.package_discovery:discover_packages(prefix_path) discover
[0.190s] DEBUG:colcon.colcon_installed_package_information.package_discovery:Found 399 installed packages in /opt/ros/humble
[0.191s] Level 1:colcon.colcon_core.package_discovery:discover_packages(prefix_path) using defaults
[0.215s] Level 5:colcon.colcon_core.verb:set package 'robot' build argument 'cmake_args' from command line to 'None'
[0.215s] Level 5:colcon.colcon_core.verb:set package 'robot' build argument 'cmake_target' from command line to 'None'
[0.215s] Level 5:colcon.colcon_core.verb:set package 'robot' build argument 'cmake_target_skip_unavailable' from command line to 'False'
[0.215s] Level 5:colcon.colcon_core.verb:set package 'robot' build argument 'cmake_clean_cache' from command line to 'False'
[0.215s] Level 5:colcon.colcon_core.verb:set package 'robot' build argument 'cmake_clean_first' from command line to 'False'
[0.215s] Level 5:colcon.colcon_core.verb:set package 'robot' build argument 'cmake_force_configure' from command line to 'False'
[0.215s] Level 5:colcon.colcon_core.verb:set package 'robot' build argument 'ament_cmake_args' from command line to 'None'
[0.215s] Level 5:colcon.colcon_core.verb:set package 'robot' build argument 'catkin_cmake_args' from command line to 'None'
[0.215s] Level 5:colcon.colcon_core.verb:set package 'robot' build argument 'catkin_skip_building_tests' from command line to 'False'
[0.215s] DEBUG:colcon.colcon_core.verb:Building package 'robot' with the following arguments: {'ament_cmake_args': None, 'build_base': '/home/sam/zed_robot/src/build/robot', 'catkin_cmake_args': None, 'catkin_skip_building_tests': False, 'cmake_args': None, 'cmake_clean_cache': False, 'cmake_clean_first': False, 'cmake_force_configure': False, 'cmake_target': None, 'cmake_target_skip_unavailable': False, 'install_base': '/home/sam/zed_robot/src/install/robot', 'merge_install': False, 'path': '/home/sam/zed_robot/src/robot', 'symlink_install': False, 'test_result_base': None}
[0.215s] Level 5:colcon.colcon_core.verb:set package 'ros2_mapping' build argument 'cmake_args' from command line to 'None'
[0.215s] Level 5:colcon.colcon_core.verb:set package 'ros2_mapping' build argument 'cmake_target' from command line to 'None'
[0.215s] Level 5:colcon.colcon_core.verb:set package 'ros2_mapping' build argument 'cmake_target_skip_unavailable' from command line to 'False'
[0.215s] Level 5:colcon.colcon_core.verb:set package 'ros2_mapping' build argument 'cmake_clean_cache' from command line to 'False'
[0.215s] Level 5:colcon.colcon_core.verb:set package 'ros2_mapping' build argument 'cmake_clean_first' from command line to 'False'
[0.215s] Level 5:colcon.colcon_core.verb:set package 'ros2_mapping' build argument 'cmake_force_configure' from command line to 'False'
[0.215s] Level 5:colcon.colcon_core.verb:set package 'ros2_mapping' build argument 'ament_cmake_args' from command line to 'None'
[0.215s] Level 5:colcon.colcon_core.verb:set package 'ros2_mapping' build argument 'catkin_cmake_args' from command line to 'None'
[0.215s] Level 5:colcon.colcon_core.verb:set package 'ros2_mapping' build argument 'catkin_skip_building_tests' from command line to 'False'
[0.215s] DEBUG:colcon.colcon_core.verb:Building package 'ros2_mapping' with the following arguments: {'ament_cmake_args': None, 'build_base': '/home/sam/zed_robot/src/build/ros2_mapping', 'catkin_cmake_args': None, 'catkin_skip_building_tests': False, 'cmake_args': None, 'cmake_clean_cache': False, 'cmake_clean_first': False, 'cmake_force_configure': False, 'cmake_target': None, 'cmake_target_skip_unavailable': False, 'install_base': '/home/sam/zed_robot/src/install/ros2_mapping', 'merge_install': False, 'path': '/home/sam/zed_robot/src/ros2_mapping', 'symlink_install': False, 'test_result_base': None}
[0.215s] INFO:colcon.colcon_core.executor:Executing jobs using 'parallel' executor
[0.216s] DEBUG:colcon.colcon_parallel_executor.executor.parallel:run_until_complete
[0.216s] INFO:colcon.colcon_ros.task.ament_cmake.build:Building ROS package in '/home/sam/zed_robot/src/robot' with build type 'ament_cmake'
[0.216s] INFO:colcon.colcon_cmake.task.cmake.build:Building CMake package in '/home/sam/zed_robot/src/robot'
[0.218s] INFO:colcon.colcon_core.plugin_system:Skipping extension 'colcon_core.shell.bat': Not used on non-Windows systems
[0.219s] INFO:colcon.colcon_core.shell:Skip shell extension 'powershell' for command environment: Not usable outside of PowerShell
[0.219s] DEBUG:colcon.colcon_core.shell:Skip shell extension 'dsv' for command environment
[0.221s] INFO:colcon.colcon_ros.task.ament_cmake.build:Building ROS package in '/home/sam/zed_robot/src/ros2_mapping' with build type 'ament_cmake'
[0.221s] INFO:colcon.colcon_cmake.task.cmake.build:Building CMake package in '/home/sam/zed_robot/src/ros2_mapping'
[0.221s] INFO:colcon.colcon_core.shell:Skip shell extension 'powershell' for command environment: Not usable outside of PowerShell
[0.221s] DEBUG:colcon.colcon_core.shell:Skip shell extension 'dsv' for command environment
[0.224s] DEBUG:colcon.colcon_core.event_handler.log_command:Invoking command in '/home/sam/zed_robot/src/build/robot': CMAKE_PREFIX_PATH=/opt/ros/humble /usr/bin/cmake /home/sam/zed_robot/src/robot -DCMAKE_INSTALL_PREFIX=/home/sam/zed_robot/src/install/robot
[0.231s] DEBUG:colcon.colcon_core.event_handler.log_command:Invoking command in '/home/sam/zed_robot/src/build/ros2_mapping': CMAKE_PREFIX_PATH=/opt/ros/humble /usr/bin/cmake /home/sam/zed_robot/src/ros2_mapping -DCMAKE_INSTALL_PREFIX=/home/sam/zed_robot/src/install/ros2_mapping
[0.968s] DEBUG:colcon.colcon_core.event_handler.log_command:Invoked command in '/home/sam/zed_robot/src/build/ros2_mapping' returned '0': CMAKE_PREFIX_PATH=/opt/ros/humble /usr/bin/cmake /home/sam/zed_robot/src/ros2_mapping -DCMAKE_INSTALL_PREFIX=/home/sam/zed_robot/src/install/ros2_mapping
[0.969s] DEBUG:colcon.colcon_core.event_handler.log_command:Invoking command in '/home/sam/zed_robot/src/build/ros2_mapping': CMAKE_PREFIX_PATH=/opt/ros/humble /usr/bin/cmake --build /home/sam/zed_robot/src/build/ros2_mapping -- -j20 -l20
[0.998s] DEBUG:colcon.colcon_core.event_handler.log_command:Invoked command in '/home/sam/zed_robot/src/build/ros2_mapping' returned '0': CMAKE_PREFIX_PATH=/opt/ros/humble /usr/bin/cmake --build /home/sam/zed_robot/src/build/ros2_mapping -- -j20 -l20
[1.005s] DEBUG:colcon.colcon_core.event_handler.log_command:Invoking command in '/home/sam/zed_robot/src/build/ros2_mapping': CMAKE_PREFIX_PATH=/opt/ros/humble /usr/bin/cmake --install /home/sam/zed_robot/src/build/ros2_mapping
[1.015s] Level 1:colcon.colcon_core.environment:create_environment_scripts_only(ros2_mapping)
[1.015s] DEBUG:colcon.colcon_core.event_handler.log_command:Invoked command in '/home/sam/zed_robot/src/build/ros2_mapping' returned '0': CMAKE_PREFIX_PATH=/opt/ros/humble /usr/bin/cmake --install /home/sam/zed_robot/src/build/ros2_mapping
[1.020s] Level 1:colcon.colcon_core.environment:checking '/home/sam/zed_robot/src/install/ros2_mapping' for CMake module files
[1.020s] Level 1:colcon.colcon_core.environment:checking '/home/sam/zed_robot/src/install/ros2_mapping' for CMake config files
[1.020s] Level 1:colcon.colcon_core.shell:create_environment_hook('ros2_mapping', 'cmake_prefix_path')
[1.020s] INFO:colcon.colcon_core.shell:Creating environment hook '/home/sam/zed_robot/src/install/ros2_mapping/share/ros2_mapping/hook/cmake_prefix_path.ps1'
[1.021s] INFO:colcon.colcon_core.shell:Creating environment descriptor '/home/sam/zed_robot/src/install/ros2_mapping/share/ros2_mapping/hook/cmake_prefix_path.dsv'
[1.021s] INFO:colcon.colcon_core.shell:Creating environment hook '/home/sam/zed_robot/src/install/ros2_mapping/share/ros2_mapping/hook/cmake_prefix_path.sh'
[1.022s] Level 1:colcon.colcon_core.environment:checking '/home/sam/zed_robot/src/install/ros2_mapping/bin'
[1.022s] Level 1:colcon.colcon_core.environment:checking '/home/sam/zed_robot/src/install/ros2_mapping/lib/pkgconfig/ros2_mapping.pc'
[1.022s] Level 1:colcon.colcon_core.environment:checking '/home/sam/zed_robot/src/install/ros2_mapping/lib/python3.10/site-packages'
[1.022s] Level 1:colcon.colcon_core.environment:checking '/home/sam/zed_robot/src/install/ros2_mapping/bin'
[1.022s] INFO:colcon.colcon_core.shell:Creating package script '/home/sam/zed_robot/src/install/ros2_mapping/share/ros2_mapping/package.ps1'
[1.023s] INFO:colcon.colcon_core.shell:Creating package descriptor '/home/sam/zed_robot/src/install/ros2_mapping/share/ros2_mapping/package.dsv'
[1.023s] INFO:colcon.colcon_core.shell:Creating package script '/home/sam/zed_robot/src/install/ros2_mapping/share/ros2_mapping/package.sh'
[1.024s] INFO:colcon.colcon_core.shell:Creating package script '/home/sam/zed_robot/src/install/ros2_mapping/share/ros2_mapping/package.bash'
[1.024s] INFO:colcon.colcon_core.shell:Creating package script '/home/sam/zed_robot/src/install/ros2_mapping/share/ros2_mapping/package.zsh'
[1.025s] Level 1:colcon.colcon_core.environment:create_file_with_runtime_dependencies(/home/sam/zed_robot/src/install/ros2_mapping/share/colcon-core/packages/ros2_mapping)
[1.025s] Level 1:colcon.colcon_core.environment:create_environment_scripts_only(ros2_mapping)
[1.025s] Level 1:colcon.colcon_core.environment:checking '/home/sam/zed_robot/src/install/ros2_mapping' for CMake module files
[1.026s] Level 1:colcon.colcon_core.environment:checking '/home/sam/zed_robot/src/install/ros2_mapping' for CMake config files
[1.026s] Level 1:colcon.colcon_core.shell:create_environment_hook('ros2_mapping', 'cmake_prefix_path')
[1.026s] INFO:colcon.colcon_core.shell:Creating environment hook '/home/sam/zed_robot/src/install/ros2_mapping/share/ros2_mapping/hook/cmake_prefix_path.ps1'
[1.026s] INFO:colcon.colcon_core.shell:Creating environment descriptor '/home/sam/zed_robot/src/install/ros2_mapping/share/ros2_mapping/hook/cmake_prefix_path.dsv'
[1.026s] INFO:colcon.colcon_core.shell:Creating environment hook '/home/sam/zed_robot/src/install/ros2_mapping/share/ros2_mapping/hook/cmake_prefix_path.sh'
[1.027s] Level 1:colcon.colcon_core.environment:checking '/home/sam/zed_robot/src/install/ros2_mapping/bin'
[1.027s] Level 1:colcon.colcon_core.environment:checking '/home/sam/zed_robot/src/install/ros2_mapping/lib/pkgconfig/ros2_mapping.pc'
[1.027s] Level 1:colcon.colcon_core.environment:checking '/home/sam/zed_robot/src/install/ros2_mapping/lib/python3.10/site-packages'
[1.027s] Level 1:colcon.colcon_core.environment:checking '/home/sam/zed_robot/src/install/ros2_mapping/bin'
[1.027s] INFO:colcon.colcon_core.shell:Creating package script '/home/sam/zed_robot/src/install/ros2_mapping/share/ros2_mapping/package.ps1'
[1.027s] INFO:colcon.colcon_core.shell:Creating package descriptor '/home/sam/zed_robot/src/install/ros2_mapping/share/ros2_mapping/package.dsv'
[1.028s] INFO:colcon.colcon_core.shell:Creating package script '/home/sam/zed_robot/src/install/ros2_mapping/share/ros2_mapping/package.sh'
[1.028s] INFO:colcon.colcon_core.shell:Creating package script '/home/sam/zed_robot/src/install/ros2_mapping/share/ros2_mapping/package.bash'
[1.028s] INFO:colcon.colcon_core.shell:Creating package script '/home/sam/zed_robot/src/install/ros2_mapping/share/ros2_mapping/package.zsh'
[1.028s] Level 1:colcon.colcon_core.environment:create_file_with_runtime_dependencies(/home/sam/zed_robot/src/install/ros2_mapping/share/colcon-core/packages/ros2_mapping)
[1.182s] DEBUG:colcon.colcon_core.event_handler.log_command:Invoked command in '/home/sam/zed_robot/src/build/robot' returned '0': CMAKE_PREFIX_PATH=/opt/ros/humble /usr/bin/cmake /home/sam/zed_robot/src/robot -DCMAKE_INSTALL_PREFIX=/home/sam/zed_robot/src/install/robot
[1.184s] DEBUG:colcon.colcon_core.event_handler.log_command:Invoking command in '/home/sam/zed_robot/src/build/robot': CMAKE_PREFIX_PATH=/opt/ros/humble /usr/bin/cmake --build /home/sam/zed_robot/src/build/robot -- -j20 -l20
[1.210s] DEBUG:colcon.colcon_core.event_handler.log_command:Invoked command in '/home/sam/zed_robot/src/build/robot' returned '0': CMAKE_PREFIX_PATH=/opt/ros/humble /usr/bin/cmake --build /home/sam/zed_robot/src/build/robot -- -j20 -l20
[1.212s] DEBUG:colcon.colcon_core.event_handler.log_command:Invoking command in '/home/sam/zed_robot/src/build/robot': CMAKE_PREFIX_PATH=/opt/ros/humble /usr/bin/cmake --install /home/sam/zed_robot/src/build/robot
[1.228s] Level 1:colcon.colcon_core.environment:create_environment_scripts_only(robot)
[1.229s] Level 1:colcon.colcon_core.environment:checking '/home/sam/zed_robot/src/install/robot' for CMake module files
[1.229s] DEBUG:colcon.colcon_core.event_handler.log_command:Invoked command in '/home/sam/zed_robot/src/build/robot' returned '0': CMAKE_PREFIX_PATH=/opt/ros/humble /usr/bin/cmake --install /home/sam/zed_robot/src/build/robot
[1.229s] Level 1:colcon.colcon_core.environment:checking '/home/sam/zed_robot/src/install/robot' for CMake config files
[1.229s] Level 1:colcon.colcon_core.shell:create_environment_hook('robot', 'cmake_prefix_path')
[1.229s] INFO:colcon.colcon_core.shell:Creating environment hook '/home/sam/zed_robot/src/install/robot/share/robot/hook/cmake_prefix_path.ps1'
[1.230s] INFO:colcon.colcon_core.shell:Creating environment descriptor '/home/sam/zed_robot/src/install/robot/share/robot/hook/cmake_prefix_path.dsv'
[1.230s] INFO:colcon.colcon_core.shell:Creating environment hook '/home/sam/zed_robot/src/install/robot/share/robot/hook/cmake_prefix_path.sh'
[1.230s] Level 1:colcon.colcon_core.environment:checking '/home/sam/zed_robot/src/install/robot/bin'
[1.230s] Level 1:colcon.colcon_core.environment:checking '/home/sam/zed_robot/src/install/robot/lib/pkgconfig/robot.pc'
[1.231s] Level 1:colcon.colcon_core.environment:checking '/home/sam/zed_robot/src/install/robot/lib/python3.10/site-packages'
[1.231s] Level 1:colcon.colcon_core.environment:checking '/home/sam/zed_robot/src/install/robot/bin'
[1.231s] INFO:colcon.colcon_core.shell:Creating package script '/home/sam/zed_robot/src/install/robot/share/robot/package.ps1'
[1.231s] INFO:colcon.colcon_core.shell:Creating package descriptor '/home/sam/zed_robot/src/install/robot/share/robot/package.dsv'
[1.232s] INFO:colcon.colcon_core.shell:Creating package script '/home/sam/zed_robot/src/install/robot/share/robot/package.sh'
[1.232s] INFO:colcon.colcon_core.shell:Creating package script '/home/sam/zed_robot/src/install/robot/share/robot/package.bash'
[1.232s] INFO:colcon.colcon_core.shell:Creating package script '/home/sam/zed_robot/src/install/robot/share/robot/package.zsh'
[1.232s] Level 1:colcon.colcon_core.environment:create_file_with_runtime_dependencies(/home/sam/zed_robot/src/install/robot/share/colcon-core/packages/robot)
[1.233s] Level 1:colcon.colcon_core.environment:create_environment_scripts_only(robot)
[1.233s] Level 1:colcon.colcon_core.environment:checking '/home/sam/zed_robot/src/install/robot' for CMake module files
[1.233s] Level 1:colcon.colcon_core.environment:checking '/home/sam/zed_robot/src/install/robot' for CMake config files
[1.233s] Level 1:colcon.colcon_core.shell:create_environment_hook('robot', 'cmake_prefix_path')
[1.233s] INFO:colcon.colcon_core.shell:Creating environment hook '/home/sam/zed_robot/src/install/robot/share/robot/hook/cmake_prefix_path.ps1'
[1.233s] INFO:colcon.colcon_core.shell:Creating environment descriptor '/home/sam/zed_robot/src/install/robot/share/robot/hook/cmake_prefix_path.dsv'
[1.234s] INFO:colcon.colcon_core.shell:Creating environment hook '/home/sam/zed_robot/src/install/robot/share/robot/hook/cmake_prefix_path.sh'
[1.234s] Level 1:colcon.colcon_core.environment:checking '/home/sam/zed_robot/src/install/robot/bin'
[1.234s] Level 1:colcon.colcon_core.environment:checking '/home/sam/zed_robot/src/install/robot/lib/pkgconfig/robot.pc'
[1.234s] Level 1:colcon.colcon_core.environment:checking '/home/sam/zed_robot/src/install/robot/lib/python3.10/site-packages'
[1.234s] Level 1:colcon.colcon_core.environment:checking '/home/sam/zed_robot/src/install/robot/bin'
[1.234s] INFO:colcon.colcon_core.shell:Creating package script '/home/sam/zed_robot/src/install/robot/share/robot/package.ps1'
[1.235s] INFO:colcon.colcon_core.shell:Creating package descriptor '/home/sam/zed_robot/src/install/robot/share/robot/package.dsv'
[1.235s] INFO:colcon.colcon_core.shell:Creating package script '/home/sam/zed_robot/src/install/robot/share/robot/package.sh'
[1.235s] INFO:colcon.colcon_core.shell:Creating package script '/home/sam/zed_robot/src/install/robot/share/robot/package.bash'
[1.235s] INFO:colcon.colcon_core.shell:Creating package script '/home/sam/zed_robot/src/install/robot/share/robot/package.zsh'
[1.236s] Level 1:colcon.colcon_core.environment:create_file_with_runtime_dependencies(/home/sam/zed_robot/src/install/robot/share/colcon-core/packages/robot)
[1.236s] DEBUG:colcon.colcon_parallel_executor.executor.parallel:closing loop
[1.236s] DEBUG:colcon.colcon_parallel_executor.executor.parallel:loop closed
[1.236s] DEBUG:colcon.colcon_parallel_executor.executor.parallel:run_until_complete finished with '0'
[1.236s] DEBUG:colcon.colcon_core.event_reactor:joining thread
[1.243s] INFO:colcon.colcon_core.plugin_system:Skipping extension 'colcon_notification.desktop_notification.terminal_notifier': Not used on non-Darwin systems
[1.243s] INFO:colcon.colcon_core.plugin_system:Skipping extension 'colcon_notification.desktop_notification.win32': Not used on non-Windows systems
[1.243s] INFO:colcon.colcon_notification.desktop_notification:Sending desktop notification using 'notify2'
[1.258s] DEBUG:colcon.colcon_core.event_reactor:joined thread
[1.258s] INFO:colcon.colcon_core.shell:Creating prefix script '/home/sam/zed_robot/src/install/local_setup.ps1'
[1.259s] INFO:colcon.colcon_core.shell:Creating prefix util module '/home/sam/zed_robot/src/install/_local_setup_util_ps1.py'
[1.260s] INFO:colcon.colcon_core.shell:Creating prefix chain script '/home/sam/zed_robot/src/install/setup.ps1'
[1.261s] INFO:colcon.colcon_core.shell:Creating prefix script '/home/sam/zed_robot/src/install/local_setup.sh'
[1.262s] INFO:colcon.colcon_core.shell:Creating prefix util module '/home/sam/zed_robot/src/install/_local_setup_util_sh.py'
[1.263s] INFO:colcon.colcon_core.shell:Creating prefix chain script '/home/sam/zed_robot/src/install/setup.sh'
[1.264s] INFO:colcon.colcon_core.shell:Creating prefix script '/home/sam/zed_robot/src/install/local_setup.bash'
[1.264s] INFO:colcon.colcon_core.shell:Creating prefix chain script '/home/sam/zed_robot/src/install/setup.bash'
[1.265s] INFO:colcon.colcon_core.shell:Creating prefix script '/home/sam/zed_robot/src/install/local_setup.zsh'
[1.265s] INFO:colcon.colcon_core.shell:Creating prefix chain script '/home/sam/zed_robot/src/install/setup.zsh'
