[0.010s] Invoking command in '/home/sam/zed_robot/src/build/ros2_mapping': CMAKE_PREFIX_PATH=/opt/ros/humble /usr/bin/cmake /home/sam/zed_robot/src/ros2_mapping -DCMAKE_INSTALL_PREFIX=/home/sam/zed_robot/src/install/ros2_mapping
[0.128s] -- The C compiler identification is GNU 11.4.0
[0.211s] -- The CXX compiler identification is GNU 11.4.0
[0.218s] -- Detecting C compiler ABI info
[0.282s] -- Detecting C compiler ABI info - done
[0.287s] -- Check for working C compiler: /usr/bin/cc - skipped
[0.288s] -- Detecting C compile features
[0.288s] -- Detecting C compile features - done
[0.290s] -- Detecting CXX compiler ABI info
[0.355s] -- Detecting CXX compiler ABI info - done
[0.361s] -- Check for working CXX compiler: /usr/bin/c++ - skipped
[0.361s] -- Detecting CXX compile features
[0.361s] -- Detecting CXX compile features - done
[0.363s] -- Found ament_cmake: 1.3.11 (/opt/ros/humble/share/ament_cmake/cmake)
[0.607s] -- Found Python3: /usr/bin/python3 (found version "3.10.12") found components: Interpreter 
[0.681s] -- Found ament_lint_auto: 0.12.11 (/opt/ros/humble/share/ament_lint_auto/cmake)
[0.738s] -- Added test 'flake8' to check Python code syntax and style conventions
[0.739s] -- Added test 'lint_cmake' to check CMake code style
[0.739s] -- Added test 'pep257' to check Python code against some of the docstring style conventions in PEP 257
[0.740s] -- Added test 'xmllint' to check XML markup files
[0.741s] -- Configuring done
[0.742s] -- Generating done
[0.743s] -- Build files have been written to: /home/sam/zed_robot/src/build/ros2_mapping
[0.747s] Invoked command in '/home/sam/zed_robot/src/build/ros2_mapping' returned '0': CMAKE_PREFIX_PATH=/opt/ros/humble /usr/bin/cmake /home/sam/zed_robot/src/ros2_mapping -DCMAKE_INSTALL_PREFIX=/home/sam/zed_robot/src/install/ros2_mapping
[0.748s] Invoking command in '/home/sam/zed_robot/src/build/ros2_mapping': CMAKE_PREFIX_PATH=/opt/ros/humble /usr/bin/cmake --build /home/sam/zed_robot/src/build/ros2_mapping -- -j20 -l20
[0.777s] Invoked command in '/home/sam/zed_robot/src/build/ros2_mapping' returned '0': CMAKE_PREFIX_PATH=/opt/ros/humble /usr/bin/cmake --build /home/sam/zed_robot/src/build/ros2_mapping -- -j20 -l20
[0.784s] Invoking command in '/home/sam/zed_robot/src/build/ros2_mapping': CMAKE_PREFIX_PATH=/opt/ros/humble /usr/bin/cmake --install /home/sam/zed_robot/src/build/ros2_mapping
[0.788s] -- Install configuration: ""
[0.788s] -- Installing: /home/sam/zed_robot/src/install/ros2_mapping/share/ros2_mapping/launch
[0.788s] -- Installing: /home/sam/zed_robot/src/install/ros2_mapping/share/ros2_mapping/launch/online_async_launch.py
[0.788s] -- Installing: /home/sam/zed_robot/src/install/ros2_mapping/share/ros2_mapping/launch/amcl.launch.py
[0.789s] -- Installing: /home/sam/zed_robot/src/install/ros2_mapping/share/ros2_mapping/launch/localization.launch.py
[0.789s] -- Installing: /home/sam/zed_robot/src/install/ros2_mapping/share/ros2_mapping/launch/navigation.py
[0.789s] -- Installing: /home/sam/zed_robot/src/install/ros2_mapping/share/ros2_mapping/config
[0.789s] -- Installing: /home/sam/zed_robot/src/install/ros2_mapping/share/ros2_mapping/config/nav2_params.yaml
[0.789s] -- Installing: /home/sam/zed_robot/src/install/ros2_mapping/share/ros2_mapping/config/rviz.rviz
[0.789s] -- Installing: /home/sam/zed_robot/src/install/ros2_mapping/share/ros2_mapping/config/amcl.yaml
[0.789s] -- Installing: /home/sam/zed_robot/src/install/ros2_mapping/share/ros2_mapping/config/mapper_params_online_async.yaml
[0.789s] -- Installing: /home/sam/zed_robot/src/install/ros2_mapping/share/ros2_mapping/map
[0.789s] -- Installing: /home/sam/zed_robot/src/install/ros2_mapping/share/ros2_mapping/map/map_1.pgm
[0.791s] -- Installing: /home/sam/zed_robot/src/install/ros2_mapping/share/ros2_mapping/map/map_1.yaml
[0.791s] -- Installing: /home/sam/zed_robot/src/install/ros2_mapping/share/ros2_mapping/map/map_2.pgm
[0.792s] -- Installing: /home/sam/zed_robot/src/install/ros2_mapping/share/ros2_mapping/map/map_2.yaml
[0.792s] -- Installing: /home/sam/zed_robot/src/install/ros2_mapping/share/ament_index/resource_index/package_run_dependencies/ros2_mapping
[0.792s] -- Installing: /home/sam/zed_robot/src/install/ros2_mapping/share/ament_index/resource_index/parent_prefix_path/ros2_mapping
[0.792s] -- Installing: /home/sam/zed_robot/src/install/ros2_mapping/share/ros2_mapping/environment/ament_prefix_path.sh
[0.792s] -- Installing: /home/sam/zed_robot/src/install/ros2_mapping/share/ros2_mapping/environment/ament_prefix_path.dsv
[0.792s] -- Installing: /home/sam/zed_robot/src/install/ros2_mapping/share/ros2_mapping/environment/path.sh
[0.792s] -- Installing: /home/sam/zed_robot/src/install/ros2_mapping/share/ros2_mapping/environment/path.dsv
[0.792s] -- Installing: /home/sam/zed_robot/src/install/ros2_mapping/share/ros2_mapping/local_setup.bash
[0.792s] -- Installing: /home/sam/zed_robot/src/install/ros2_mapping/share/ros2_mapping/local_setup.sh
[0.793s] -- Installing: /home/sam/zed_robot/src/install/ros2_mapping/share/ros2_mapping/local_setup.zsh
[0.793s] -- Installing: /home/sam/zed_robot/src/install/ros2_mapping/share/ros2_mapping/local_setup.dsv
[0.793s] -- Installing: /home/sam/zed_robot/src/install/ros2_mapping/share/ros2_mapping/package.dsv
[0.793s] -- Installing: /home/sam/zed_robot/src/install/ros2_mapping/share/ament_index/resource_index/packages/ros2_mapping
[0.793s] -- Installing: /home/sam/zed_robot/src/install/ros2_mapping/share/ros2_mapping/cmake/ros2_mappingConfig.cmake
[0.793s] -- Installing: /home/sam/zed_robot/src/install/ros2_mapping/share/ros2_mapping/cmake/ros2_mappingConfig-version.cmake
[0.793s] -- Installing: /home/sam/zed_robot/src/install/ros2_mapping/share/ros2_mapping/package.xml
[0.795s] Invoked command in '/home/sam/zed_robot/src/build/ros2_mapping' returned '0': CMAKE_PREFIX_PATH=/opt/ros/humble /usr/bin/cmake --install /home/sam/zed_robot/src/build/ros2_mapping
