[0.008s] Invoking command in '/home/sam/zed_robot/src/build/robot': CMAKE_PREFIX_PATH=/opt/ros/humble /usr/bin/cmake /home/sam/zed_robot/src/robot -DCMAKE_INSTALL_PREFIX=/home/sam/zed_robot/src/install/robot
[0.132s] -- The C compiler identification is GNU 11.4.0
[0.215s] -- The CXX compiler identification is GNU 11.4.0
[0.222s] -- Detecting C compiler ABI info
[0.283s] -- Detecting C compiler ABI info - done
[0.288s] -- Check for working C compiler: /usr/bin/cc - skipped
[0.289s] -- Detecting C compile features
[0.289s] -- Detecting C compile features - done
[0.292s] -- Detecting CXX compiler ABI info
[0.358s] -- Detecting CXX compiler ABI info - done
[0.363s] -- Check for working CXX compiler: /usr/bin/c++ - skipped
[0.363s] -- Detecting CXX compile features
[0.364s] -- Detecting CXX compile features - done
[0.366s] -- Found ament_cmake: 1.3.11 (/opt/ros/humble/share/ament_cmake/cmake)
[0.613s] -- Found Python3: /usr/bin/python3 (found version "3.10.12") found components: Interpreter 
[0.685s] -- Found ament_lint_auto: 0.12.11 (/opt/ros/humble/share/ament_lint_auto/cmake)
[0.741s] -- Added test 'copyright' to check source files copyright and LICENSE
[0.845s] -- Added test 'cppcheck' to perform static code analysis on C / C++ code
[0.845s] -- Configured cppcheck include dirs: 
[0.845s] -- Configured cppcheck exclude dirs and/or files: 
[0.888s] -- Added test 'cpplint' to check C / C++ code against the Google style
[0.888s] -- Configured cpplint exclude dirs and/or files: 
[0.893s] -- Added test 'flake8' to check Python code syntax and style conventions
[0.903s] -- Added test 'lint_cmake' to check CMake code style
[0.909s] -- Added test 'pep257' to check Python code against some of the docstring style conventions in PEP 257
[0.955s] -- Added test 'uncrustify' to check C / C++ code style
[0.955s] -- Configured uncrustify additional arguments: 
[0.960s] -- Added test 'xmllint' to check XML markup files
[0.961s] -- Configuring done
[0.962s] -- Generating done
[0.963s] -- Build files have been written to: /home/sam/zed_robot/src/build/robot
[0.966s] Invoked command in '/home/sam/zed_robot/src/build/robot' returned '0': CMAKE_PREFIX_PATH=/opt/ros/humble /usr/bin/cmake /home/sam/zed_robot/src/robot -DCMAKE_INSTALL_PREFIX=/home/sam/zed_robot/src/install/robot
[0.967s] Invoking command in '/home/sam/zed_robot/src/build/robot': CMAKE_PREFIX_PATH=/opt/ros/humble /usr/bin/cmake --build /home/sam/zed_robot/src/build/robot -- -j20 -l20
[0.993s] Invoked command in '/home/sam/zed_robot/src/build/robot' returned '0': CMAKE_PREFIX_PATH=/opt/ros/humble /usr/bin/cmake --build /home/sam/zed_robot/src/build/robot -- -j20 -l20
[0.996s] Invoking command in '/home/sam/zed_robot/src/build/robot': CMAKE_PREFIX_PATH=/opt/ros/humble /usr/bin/cmake --install /home/sam/zed_robot/src/build/robot
[0.999s] -- Install configuration: ""
[0.999s] -- Installing: /home/sam/zed_robot/src/install/robot/share/robot/launch
[1.000s] -- Installing: /home/sam/zed_robot/src/install/robot/share/robot/launch/robot.launch.py
[1.000s] -- Installing: /home/sam/zed_robot/src/install/robot/share/robot/launch/navigation.launch.py
[1.000s] -- Installing: /home/sam/zed_robot/src/install/robot/share/robot/launch/display.launch.py
[1.000s] -- Installing: /home/sam/zed_robot/src/install/robot/share/robot/launch/nav.launch.py
[1.000s] -- Installing: /home/sam/zed_robot/src/install/robot/share/robot/launch/online_async.launch.py
[1.000s] -- Installing: /home/sam/zed_robot/src/install/robot/share/robot/launch/localization.launch.py
[1.001s] -- Installing: /home/sam/zed_robot/src/install/robot/share/robot/launch/gazebo_sim.launch.py
[1.001s] -- Installing: /home/sam/zed_robot/src/install/robot/share/robot/launch/offline_launch.py
[1.001s] -- Installing: /home/sam/zed_robot/src/install/robot/share/robot/launch/nav2.launch.py
[1.001s] -- Installing: /home/sam/zed_robot/src/install/robot/share/robot/launch/point_cloud_to_laser.launch.py
[1.001s] -- Installing: /home/sam/zed_robot/src/install/robot/share/robot/launch/show.robot.launch.py
[1.002s] -- Installing: /home/sam/zed_robot/src/install/robot/share/robot/description
[1.002s] -- Installing: /home/sam/zed_robot/src/install/robot/share/robot/description/gazebo_controller.xacro
[1.002s] -- Installing: /home/sam/zed_robot/src/install/robot/share/robot/description/lidar_sensor.xacro
[1.002s] -- Installing: /home/sam/zed_robot/src/install/robot/share/robot/description/inertial.xacro
[1.002s] -- Installing: /home/sam/zed_robot/src/install/robot/share/robot/description/xacro
[1.002s] -- Installing: /home/sam/zed_robot/src/install/robot/share/robot/description/dept_camera.xacro
[1.003s] -- Installing: /home/sam/zed_robot/src/install/robot/share/robot/description/robot.xacro
[1.003s] -- Installing: /home/sam/zed_robot/src/install/robot/share/robot/description/robot.urdf.xacro
[1.003s] -- Installing: /home/sam/zed_robot/src/install/robot/share/robot/params
[1.003s] -- Installing: /home/sam/zed_robot/src/install/robot/share/robot/params/mapper_params_offline.yaml
[1.003s] -- Installing: /home/sam/zed_robot/src/install/robot/share/robot/params/nav2.yaml
[1.003s] -- Installing: /home/sam/zed_robot/src/install/robot/share/robot/params/nav.yaml
[1.003s] -- Installing: /home/sam/zed_robot/src/install/robot/share/robot/params/mapper_params_online_async.yaml
[1.004s] -- Installing: /home/sam/zed_robot/src/install/robot/share/robot/maps
[1.004s] -- Installing: /home/sam/zed_robot/src/install/robot/share/robot/maps/first.yaml.pgm
[1.006s] -- Installing: /home/sam/zed_robot/src/install/robot/share/robot/maps/offline.pgm
[1.006s] -- Installing: /home/sam/zed_robot/src/install/robot/share/robot/maps/offline.yaml
[1.006s] -- Installing: /home/sam/zed_robot/src/install/robot/share/robot/maps/first.yaml.yaml
[1.007s] -- Installing: /home/sam/zed_robot/src/install/robot/share/robot/config
[1.007s] -- Installing: /home/sam/zed_robot/src/install/robot/share/robot/config/robot_display.rviz
[1.007s] -- Installing: /home/sam/zed_robot/src/install/robot/share/robot/config/mapper_params_online_async.yaml
[1.007s] -- Installing: /home/sam/zed_robot/src/install/robot/share/robot/worlds
[1.007s] -- Installing: /home/sam/zed_robot/src/install/robot/share/robot/worlds/new.world
[1.008s] -- Installing: /home/sam/zed_robot/src/install/robot/share/robot/worlds/human.world
[1.009s] -- Installing: /home/sam/zed_robot/src/install/robot/share/robot/worlds/outside.world
[1.009s] -- Installing: /home/sam/zed_robot/src/install/robot/share/robot/worlds/cafeworld
[1.009s] -- Installing: /home/sam/zed_robot/src/install/robot/share/robot/worlds/robot.world
[1.010s] -- Installing: /home/sam/zed_robot/src/install/robot/share/ament_index/resource_index/package_run_dependencies/robot
[1.010s] -- Installing: /home/sam/zed_robot/src/install/robot/share/ament_index/resource_index/parent_prefix_path/robot
[1.010s] -- Installing: /home/sam/zed_robot/src/install/robot/share/robot/environment/ament_prefix_path.sh
[1.010s] -- Installing: /home/sam/zed_robot/src/install/robot/share/robot/environment/ament_prefix_path.dsv
[1.010s] -- Installing: /home/sam/zed_robot/src/install/robot/share/robot/environment/path.sh
[1.010s] -- Installing: /home/sam/zed_robot/src/install/robot/share/robot/environment/path.dsv
[1.010s] -- Installing: /home/sam/zed_robot/src/install/robot/share/robot/local_setup.bash
[1.010s] -- Installing: /home/sam/zed_robot/src/install/robot/share/robot/local_setup.sh
[1.010s] -- Installing: /home/sam/zed_robot/src/install/robot/share/robot/local_setup.zsh
[1.010s] -- Installing: /home/sam/zed_robot/src/install/robot/share/robot/local_setup.dsv
[1.010s] -- Installing: /home/sam/zed_robot/src/install/robot/share/robot/package.dsv
[1.011s] -- Installing: /home/sam/zed_robot/src/install/robot/share/ament_index/resource_index/packages/robot
[1.011s] -- Installing: /home/sam/zed_robot/src/install/robot/share/robot/cmake/robotConfig.cmake
[1.011s] -- Installing: /home/sam/zed_robot/src/install/robot/share/robot/cmake/robotConfig-version.cmake
[1.011s] -- Installing: /home/sam/zed_robot/src/install/robot/share/robot/package.xml
[1.012s] Invoked command in '/home/sam/zed_robot/src/build/robot' returned '0': CMAKE_PREFIX_PATH=/opt/ros/humble /usr/bin/cmake --install /home/sam/zed_robot/src/build/robot
